<?xml version="1.0" encoding="UTF-8"?>
<!-- Generated by org.testng.reporters.JUnitReportReporter -->
<testsuite hostname="Armstrong" failures="0" tests="9" name="Test.TC002_Login" time="277.400" errors="0" timestamp="2024-08-09T19:32:19 IST" skipped="0">
  <testcase classname="Test.TC002_Login" name="validLogin" time="34.500"/>
  <testcase classname="Test.TC002_Login" name="validLogin" time="24.600"/>
  <testcase classname="Test.TC002_Login" name="validLogin" time="31.060"/>
  <testcase classname="Test.TC002_Login" name="validLogin" time="26.618"/>
  <testcase classname="Test.TC002_Login" name="validLogin" time="26.495"/>
  <testcase classname="Test.TC002_Login" name="validLogin" time="27.885"/>
  <testcase classname="Test.TC002_Login" name="validLogin" time="37.761"/>
  <testcase classname="Test.TC002_Login" name="validLogin" time="29.742"/>
  <testcase classname="Test.TC002_Login" name="validLogin" time="38.739"/>
</testsuite> <!-- Test.TC002_Login -->
