<?xml version="1.0" encoding="UTF-8"?>
<!-- Generated by org.testng.reporters.JUnitReportReporter -->
<testsuite hostname="Armstrong" failures="0" tests="1" name="Test.TC003_Bottomlinks" time="37.944" errors="0" timestamp="2024-08-08T17:09:16 IST" skipped="0">
  <testcase classname="Test.TC003_Bottomlinks" name="validBottom_link" time="37.944"/>
</testsuite> <!-- Test.TC003_Bottomlinks -->
