<?xml version="1.0" encoding="UTF-8"?>
<!-- Generated by org.testng.reporters.JUnitReportReporter -->
<testsuite hostname="Armstrong" failures="0" tests="1" name="Test.TC006_Brand_Shopping" time="40.515" errors="0" timestamp="2024-08-08T17:09:16 IST" skipped="0">
  <testcase classname="Test.TC006_Brand_Shopping" name="Brand_shopping_Validation" time="40.515"/>
</testsuite> <!-- Test.TC006_Brand_Shopping -->
