<?xml version="1.0" encoding="UTF-8"?>
<!-- Generated by org.testng.reporters.JUnitReportReporter -->
<testsuite hostname="Armstrong" failures="0" tests="1" name="Test.TC009_Input_Validation" time="27.245" errors="0" timestamp="2024-08-09T19:32:19 IST" skipped="0">
  <testcase classname="Test.TC009_Input_Validation" name="Cart_Page_Validation" time="27.245"/>
</testsuite> <!-- Test.TC009_Input_Validation -->
