<?xml version="1.0" encoding="UTF-8"?>
<!-- Generated by org.testng.reporters.JUnitReportReporter -->
<testsuite hostname="Armstrong" failures="0" tests="1" name="Test.TC006_Brand_Shopping" time="49.364" errors="0" timestamp="2024-08-09T19:32:19 IST" skipped="0">
  <testcase classname="Test.TC006_Brand_Shopping" name="Brand_shopping_Validation" time="49.364"/>
</testsuite> <!-- Test.TC006_Brand_Shopping -->
