<?xml version="1.0" encoding="UTF-8"?>
<!-- Generated by org.testng.reporters.JUnitReportReporter -->
<testsuite hostname="Armstrong" failures="0" tests="1" name="Test.TC004_MenuValidation" time="37.100" errors="0" timestamp="2024-08-08T17:09:16 IST" skipped="0">
  <testcase classname="Test.TC004_MenuValidation" name="Menu_Validation" time="37.100"/>
</testsuite> <!-- Test.TC004_MenuValidation -->
