<?xml version="1.0" encoding="UTF-8"?>
<!-- Generated by org.testng.reporters.JUnitReportReporter -->
<testsuite hostname="Armstrong" failures="0" tests="1" name="Test.TC005_Department_Shopping_Test" time="46.419" errors="0" timestamp="2024-08-09T19:32:19 IST" skipped="0">
  <testcase classname="Test.TC005_Department_Shopping_Test" name="Department_shopping_Validation" time="46.419"/>
</testsuite> <!-- Test.TC005_Department_Shopping_Test -->
