<?xml version="1.0" encoding="UTF-8"?>
<!-- Generated by org.testng.reporters.JUnitReportReporter -->
<testsuite hostname="Armstrong" failures="0" tests="1" name="Test.TC008_PaymentComplete_test" time="67.390" errors="0" timestamp="2024-08-09T19:32:19 IST" skipped="0">
  <testcase classname="Test.TC008_PaymentComplete_test" name="Payment_Validation" time="67.390"/>
</testsuite> <!-- Test.TC008_PaymentComplete_test -->
