<?xml version="1.0" encoding="UTF-8"?>
<!-- Generated by org.testng.reporters.JUnitReportReporter -->
<testsuite hostname="Armstrong" failures="0" tests="1" name="Test.TC002_Login" time="30.081" errors="0" timestamp="2024-08-08T17:09:16 IST" skipped="0">
  <testcase classname="Test.TC002_Login" name="validLogin" time="30.081"/>
</testsuite> <!-- Test.TC002_Login -->
